2019-01-22 17:48:38,684 [140512074151296] INFO: Jan 22 2019 17:48:38 test beginning...
2019-01-22 17:49:50,505 [140391819691392] INFO: Jan 22 2019 17:49:50 test beginning...
2019-01-22 17:49:50,506 [140391819691392] INFO: robot.rshd=0
2019-01-22 17:49:50,506 [140391819691392] INFO: ip=192.168.1.1, port=8899
2019-01-22 17:49:51,819 [140391819691392] INFO: tool_io_0=0.0
2019-01-22 17:49:51,822 [140391819691392] INFO: [{'addr': 30, 'type': 4, 'id': 'F1', 'value': -1.0, 'name': 'F1'}, {'addr': 31, 'type': 4, 'id': 'F2', 'value': -1.0, 'name': 'F2'}, {'addr': 32, 'type': 4, 'id': 'F3', 'value': -1.0, 'name': 'F3'}, {'addr': 33, 'type': 4, 'id': 'F4', 'value': -1.0, 'name': 'F4'}, {'addr': 34, 'type': 4, 'id': 'F5', 'value': -1.0, 'name': 'F5'}, {'addr': 35, 'type': 4, 'id': 'F6', 'value': -1.0, 'name': 'F6'}, {'addr': 36, 'type': 4, 'id': 'U_DI_00', 'value': -1.0, 'name': 'U_DI_00'}, {'addr': 37, 'type': 4, 'id': 'U_DI_01', 'value': -1.0, 'name': 'U_DI_01'}, {'addr': 38, 'type': 4, 'id': 'U_DI_02', 'value': -1.0, 'name': 'U_DI_02'}, {'addr': 39, 'type': 4, 'id': 'U_DI_03', 'value': -1.0, 'name': 'U_DI_03'}, {'addr': 40, 'type': 4, 'id': 'U_DI_04', 'value': -1.0, 'name': 'U_DI_04'}, {'addr': 41, 'type': 4, 'id': 'U_DI_05', 'value': -1.0, 'name': 'U_DI_05'}, {'addr': 42, 'type': 4, 'id': 'U_DI_06', 'value': -1.0, 'name': 'U_DI_06'}, {'addr': 43, 'type': 4, 'id': 'U_DI_07', 'value': -1.0, 'name': 'U_DI_07'}, {'addr': 44, 'type': 4, 'id': 'U_DI_10', 'value': -1.0, 'name': 'U_DI_10'}, {'addr': 45, 'type': 4, 'id': 'U_DI_11', 'value': -1.0, 'name': 'U_DI_11'}, {'addr': 46, 'type': 4, 'id': 'U_DI_12', 'value': -1.0, 'name': 'U_DI_12'}, {'addr': 47, 'type': 4, 'id': 'U_DI_13', 'value': -1.0, 'name': 'U_DI_13'}, {'addr': 48, 'type': 4, 'id': 'U_DI_14', 'value': -1.0, 'name': 'U_DI_14'}, {'addr': 49, 'type': 4, 'id': 'U_DI_15', 'value': -1.0, 'name': 'U_DI_15'}, {'addr': 50, 'type': 4, 'id': 'U_DI_16', 'value': -1.0, 'name': 'U_DI_16'}, {'addr': 51, 'type': 4, 'id': 'U_DI_17', 'value': -1.0, 'name': 'U_DI_17'}]
2019-01-22 17:49:51,822 [140391819691392] INFO: [{'addr': 32, 'type': 5, 'id': 'U_DO_00', 'value': -1.0, 'name': 'U_DO_00'}, {'addr': 33, 'type': 5, 'id': 'U_DO_01', 'value': -1.0, 'name': 'U_DO_01'}, {'addr': 34, 'type': 5, 'id': 'U_DO_02', 'value': -1.0, 'name': 'U_DO_02'}, {'addr': 35, 'type': 5, 'id': 'U_DO_03', 'value': -1.0, 'name': 'U_DO_03'}, {'addr': 36, 'type': 5, 'id': 'U_DO_04', 'value': -1.0, 'name': 'U_DO_04'}, {'addr': 37, 'type': 5, 'id': 'U_DO_05', 'value': -1.0, 'name': 'U_DO_05'}, {'addr': 38, 'type': 5, 'id': 'U_DO_06', 'value': -1.0, 'name': 'U_DO_06'}, {'addr': 39, 'type': 5, 'id': 'U_DO_07', 'value': -1.0, 'name': 'U_DO_07'}, {'addr': 40, 'type': 5, 'id': 'U_DO_10', 'value': -1.0, 'name': 'U_DO_10'}, {'addr': 41, 'type': 5, 'id': 'U_DO_11', 'value': -1.0, 'name': 'U_DO_11'}, {'addr': 42, 'type': 5, 'id': 'U_DO_12', 'value': -1.0, 'name': 'U_DO_12'}, {'addr': 43, 'type': 5, 'id': 'U_DO_13', 'value': -1.0, 'name': 'U_DO_13'}, {'addr': 44, 'type': 5, 'id': 'U_DO_14', 'value': -1.0, 'name': 'U_DO_14'}, {'addr': 45, 'type': 5, 'id': 'U_DO_15', 'value': -1.0, 'name': 'U_DO_15'}, {'addr': 46, 'type': 5, 'id': 'U_DO_16', 'value': -1.0, 'name': 'U_DO_16'}, {'addr': 47, 'type': 5, 'id': 'U_DO_17', 'value': -1.0, 'name': 'U_DO_17'}]
2019-01-22 17:49:51,824 [140391819691392] INFO: robot online mode is 0
2019-01-22 17:49:51,826 [140391819691392] INFO: joint_status={'joint2': {'current': -325, 'voltage': 48.04999923706055, 'temperature': 41.79999923706055}, 'joint3': {'current': 454, 'voltage': 48.22999954223633, 'temperature': 42.599998474121094}, 'joint1': {'current': 62, 'voltage': 48.5, 'temperature': 42.29999923706055}, 'joint6': {'current': 130, 'voltage': 48.08000183105469, 'temperature': 55.70000076293945}, 'joint4': {'current': -119, 'voltage': 47.7400016784668, 'temperature': 53.29999923706055}, 'joint5': {'current': 106, 'voltage': 48.0, 'temperature': 54.79999923706055}}
2019-01-22 17:49:51,827 [140391819691392] INFO: move joint to (0.541678, 0.225068, -0.948709, 0.397018, -1.5708, 0.541673)
2019-01-22 17:49:54,183 [140391819691392] INFO: [1.5, 1.5, 1.5, 1.5, 1.5, 1.5]
2019-01-22 17:49:54,183 [140391819691392] INFO: {'joint': [-3e-06, -0.127267, -1.321122, 0.376934, -1.570796, -8e-06], 'pos': [-0.4003190243099452, -0.1214988297621941, 0.5475984676269052], 'ori': [2.7059407119211273e-06, 0.7071085489469597, -0.7071050134122073, -2.4748884159253266e-06]}
2019-01-22 17:49:54,184 [140391819691392] INFO: {'joint': [-3.000000632136235e-06, -0.12726700000085248, -1.3211220000013486, 0.3769413267944004, -1.5707959999973087, -8.000000632054216e-06], 'pos': [-0.4003190243099452, -0.1214988297621941, 0.5475984676269052], 'ori': [2.7059407119211273e-06, 0.7071085489469597, -0.7071050134122073, -2.4748884159253266e-06]}
2019-01-22 17:49:54,184 [140391819691392] INFO: move joint to (0.0, 0.0, 0.0, 0.0, 0.0, 0.0)
2019-01-22 17:49:56,496 [140391819691392] INFO: move joint to (0.541678, 0.225068, -0.948709, 0.397018, -1.5708, 0.541673)
2019-01-22 17:49:58,815 [140391819691392] INFO: move joint to (-3e-06, -0.127267, -1.321122, 0.376934, -1.570796, -8e-06)
2019-01-22 17:50:00,282 [140391819691392] INFO: move_track ARC_CIR
2019-01-22 17:50:08,456 [140391819691392] INFO: move joint to (0.0, 0.0, 0.0, 0.0, 0.0, 0.0)
2019-01-22 17:50:12,000 [140391819691392] INFO: Jan 22 2019 17:50:12 test completed.
2019-01-22 17:50:12,000 [140391819691392] INFO: client_count=0
2019-01-22 17:50:12,000 [140391819691392] INFO: test completed
